c:\users\emily\documents\visual studio 2017\projects\mathfunctionproject\mathfunctionproject\debug\vc141.pdb
c:\users\emily\documents\visual studio 2017\projects\mathfunctionproject\mathfunctionproject\debug\vc141.idb
c:\users\emily\documents\visual studio 2017\projects\mathfunctionproject\mathfunctionproject\debug\basic.obj
c:\users\emily\documents\visual studio 2017\projects\mathfunctionproject\mathfunctionproject\debug\main.obj
c:\users\emily\documents\visual studio 2017\projects\mathfunctionproject\mathfunctionproject\debug\commonformulas.obj
c:\users\emily\documents\visual studio 2017\projects\mathfunctionproject\mathfunctionproject\debug\basicformulas.obj
c:\users\emily\documents\visual studio 2017\projects\mathfunctionproject\mathfunctionproject\debug\testingmode.obj
c:\users\emily\documents\visual studio 2017\projects\mathfunctionproject\debug\mathfunctionproject.ilk
c:\users\emily\documents\visual studio 2017\projects\mathfunctionproject\debug\mathfunctionproject.exe
c:\users\emily\documents\visual studio 2017\projects\mathfunctionproject\debug\mathfunctionproject.pdb
c:\users\emily\documents\visual studio 2017\projects\mathfunctionproject\mathfunctionproject\debug\basic.obj.enc
c:\users\emily\documents\visual studio 2017\projects\mathfunctionproject\mathfunctionproject\debug\mathfunc.632e5d5b.tlog\cl.command.1.tlog
c:\users\emily\documents\visual studio 2017\projects\mathfunctionproject\mathfunctionproject\debug\mathfunc.632e5d5b.tlog\cl.read.1.tlog
c:\users\emily\documents\visual studio 2017\projects\mathfunctionproject\mathfunctionproject\debug\mathfunc.632e5d5b.tlog\cl.write.1.tlog
c:\users\emily\documents\visual studio 2017\projects\mathfunctionproject\mathfunctionproject\debug\mathfunc.632e5d5b.tlog\link-cvtres.read.1.tlog
c:\users\emily\documents\visual studio 2017\projects\mathfunctionproject\mathfunctionproject\debug\mathfunc.632e5d5b.tlog\link-cvtres.write.1.tlog
c:\users\emily\documents\visual studio 2017\projects\mathfunctionproject\mathfunctionproject\debug\mathfunc.632e5d5b.tlog\link-rc.read.1.tlog
c:\users\emily\documents\visual studio 2017\projects\mathfunctionproject\mathfunctionproject\debug\mathfunc.632e5d5b.tlog\link-rc.write.1.tlog
c:\users\emily\documents\visual studio 2017\projects\mathfunctionproject\mathfunctionproject\debug\mathfunc.632e5d5b.tlog\link.command.1.tlog
c:\users\emily\documents\visual studio 2017\projects\mathfunctionproject\mathfunctionproject\debug\mathfunc.632e5d5b.tlog\link.read.1.tlog
c:\users\emily\documents\visual studio 2017\projects\mathfunctionproject\mathfunctionproject\debug\mathfunc.632e5d5b.tlog\link.write.1.tlog
